Daily activity on Sat May  3 22:59:04 UTC 2025
Daily activity on Sun May  4 06:30:02 UTC 2025
Daily activity on Mon May  5 06:33:34 UTC 2025
Daily activity on Tue May  6 06:32:08 UTC 2025
Daily activity on Wed May  7 06:32:35 UTC 2025
Daily activity on Thu May  8 06:33:05 UTC 2025
Daily activity on Fri May  9 06:32:48 UTC 2025
Daily activity on Sat May 10 06:29:02 UTC 2025
Daily activity on Sun May 11 06:29:53 UTC 2025
Daily activity on Mon May 12 06:33:59 UTC 2025
Daily activity on Tue May 13 06:32:48 UTC 2025
Daily activity on Wed May 14 06:32:58 UTC 2025
Daily activity on Thu May 15 06:33:18 UTC 2025
Daily activity on Fri May 16 06:33:09 UTC 2025
Daily activity on Sat May 17 06:29:45 UTC 2025
Daily activity on Sun May 18 06:31:05 UTC 2025
Daily activity on Mon May 19 06:34:02 UTC 2025
Daily activity on Tue May 20 06:33:25 UTC 2025
Daily activity on Wed May 21 06:33:29 UTC 2025
Daily activity on Thu May 22 06:33:12 UTC 2025
Daily activity on Fri May 23 06:32:37 UTC 2025
Daily activity on Sat May 24 06:29:26 UTC 2025
Daily activity on Sun May 25 06:30:19 UTC 2025
Daily activity on Mon May 26 06:34:31 UTC 2025
Daily activity on Tue May 27 06:33:13 UTC 2025
Daily activity on Wed May 28 06:33:13 UTC 2025
